2024-05-21T01:54:51.352Z  INFO 1 --- [main] c.c.s.m.u.MsvcUsuariosApplication        : Starting MsvcUsuariosApplication v0.0.1-SNAPSHOT using Java 17.0.2 with PID 1 (/app/msvc-usuarios-0.0.1-SNAPSHOT.jar started by root in /app)
2024-05-21T01:54:51.353Z  INFO 1 --- [main] c.c.s.m.u.MsvcUsuariosApplication        : No active profile set, falling back to 1 default profile: "default"
2024-05-21T01:54:51.789Z  INFO 1 --- [main] .s.d.r.c.RepositoryConfigurationDelegate : Bootstrapping Spring Data JPA repositories in DEFAULT mode.
2024-05-21T01:54:51.820Z  INFO 1 --- [main] .s.d.r.c.RepositoryConfigurationDelegate : Finished Spring Data repository scanning in 26 ms. Found 1 JPA repository interfaces.
2024-05-21T01:54:52.001Z  INFO 1 --- [main] o.s.cloud.context.scope.GenericScope     : BeanFactory id=296a8f63-7492-3ab2-b414-b47cfca9ed89
2024-05-21T01:54:52.039Z  INFO 1 --- [main] trationDelegate$BeanPostProcessorChecker : Bean 'com.cramirez.springcloud.msvc.usuarios.clients.CursoClienteRest' of type [org.springframework.cloud.openfeign.FeignClientFactoryBean] is not eligible for getting processed by all BeanPostProcessors (for example: not eligible for auto-proxying)
2024-05-21T01:54:52.224Z  INFO 1 --- [main] o.s.b.w.embedded.tomcat.TomcatWebServer  : Tomcat initialized with port(s): 8001 (http)
2024-05-21T01:54:52.230Z  INFO 1 --- [main] o.apache.catalina.core.StandardService   : Starting service [Tomcat]
2024-05-21T01:54:52.230Z  INFO 1 --- [main] o.apache.catalina.core.StandardEngine    : Starting Servlet engine: [Apache Tomcat/10.1.13]
2024-05-21T01:54:52.272Z  INFO 1 --- [main] o.a.c.c.C.[Tomcat].[localhost].[/]       : Initializing Spring embedded WebApplicationContext
2024-05-21T01:54:52.272Z  INFO 1 --- [main] w.s.c.ServletWebServerApplicationContext : Root WebApplicationContext: initialization completed in 889 ms
2024-05-21T01:54:52.353Z  INFO 1 --- [main] com.zaxxer.hikari.HikariDataSource       : HikariPool-1 - Starting...
2024-05-21T01:54:52.560Z  INFO 1 --- [main] com.zaxxer.hikari.pool.HikariPool        : HikariPool-1 - Added connection com.mysql.cj.jdbc.ConnectionImpl@678040b3
2024-05-21T01:54:52.562Z  INFO 1 --- [main] com.zaxxer.hikari.HikariDataSource       : HikariPool-1 - Start completed.
2024-05-21T01:54:52.582Z  INFO 1 --- [main] o.hibernate.jpa.internal.util.LogHelper  : HHH000204: Processing PersistenceUnitInfo [name: default]
2024-05-21T01:54:52.604Z  INFO 1 --- [main] org.hibernate.Version                    : HHH000412: Hibernate ORM core version 6.1.7.Final
2024-05-21T01:54:52.788Z  INFO 1 --- [main] SQL dialect                              : HHH000400: Using dialect: org.hibernate.dialect.MySQLDialect
2024-05-21T01:54:53.196Z  INFO 1 --- [main] o.h.e.t.j.p.i.JtaPlatformInitiator       : HHH000490: Using JtaPlatform implementation: [org.hibernate.engine.transaction.jta.platform.internal.NoJtaPlatform]
2024-05-21T01:54:53.201Z  INFO 1 --- [main] j.LocalContainerEntityManagerFactoryBean : Initialized JPA EntityManagerFactory for persistence unit 'default'
2024-05-21T01:54:53.541Z  WARN 1 --- [main] JpaBaseConfiguration$JpaWebConfiguration : spring.jpa.open-in-view is enabled by default. Therefore, database queries may be performed during view rendering. Explicitly configure spring.jpa.open-in-view to disable this warning
2024-05-21T01:54:53.819Z  INFO 1 --- [main] o.s.b.w.embedded.tomcat.TomcatWebServer  : Tomcat started on port(s): 8001 (http) with context path ''
2024-05-21T01:54:53.827Z  INFO 1 --- [main] c.c.s.m.u.MsvcUsuariosApplication        : Started MsvcUsuariosApplication in 2.761 seconds (process running for 3.031)
